desc: --massif-out-file=./valgrind/huffman.qemu.out
cmd: ../QE_new/bin/qemu-riscv32 ../rv8-bench/test_bench/huffman.elf
time_unit: i
#-----------
snapshot=0
#-----------
time=0
mem_heap_B=0
mem_heap_extra_B=0
mem_stacks_B=0
heap_tree=empty
#-----------
snapshot=1
#-----------
time=2107323
mem_heap_B=4
mem_heap_extra_B=20
mem_stacks_B=0
heap_tree=empty
#-----------
snapshot=2
#-----------
time=4074655
mem_heap_B=775634
mem_heap_extra_B=28230
mem_stacks_B=0
heap_tree=empty
#-----------
snapshot=3
#-----------
time=6254902
mem_heap_B=777658
mem_heap_extra_B=29718
mem_stacks_B=0
heap_tree=empty
#-----------
snapshot=4
#-----------
time=7894446
mem_heap_B=778914
mem_heap_extra_B=29862
mem_stacks_B=0
heap_tree=empty
#-----------
snapshot=5
#-----------
time=10436035
mem_heap_B=780834
mem_heap_extra_B=31302
mem_stacks_B=0
heap_tree=empty
#-----------
snapshot=6
#-----------
time=13431693
mem_heap_B=783834
mem_heap_extra_B=32278
mem_stacks_B=0
heap_tree=empty
#-----------
snapshot=7
#-----------
time=15310017
mem_heap_B=785514
mem_heap_extra_B=32950
mem_stacks_B=0
heap_tree=empty
#-----------
snapshot=8
#-----------
time=18202592
mem_heap_B=787801
mem_heap_extra_B=34071
mem_stacks_B=0
heap_tree=detailed
n5: 787801 (heap allocation functions) malloc/new/new[], --alloc-fns, etc.
 n1: 524608 0x278D34: qemu_try_memalign (memalign.c:53)
  n2: 524608 0x278E64: qemu_memalign (memalign.c:73)
   n1: 524544 0x27551A: qht_map_create (qht.c:457)
    n2: 524544 0x275D99: qht_init (qht.c:475)
     n1: 524288 0x20BF39: tcg_init_machine (tcg-all.c:116)
      n0: 524288 0x150373: main (main.c:794)
     n0: 256 in 1 place, below massif's threshold (1.00%)
   n0: 64 in 1 place, below massif's threshold (1.00%)
 n6: 134368 0x4FFDC50: g_malloc0 (in /usr/lib/x86_64-linux-gnu/libglib-2.0.so.0.7200.4)
  n1: 65552 0x20D361: tcg_exec_realizefn (cpu-exec.c:1102)
   n1: 65552 0x1E644C: cpu_exec_realizefn (cpu-target.c:138)
    n1: 65552 0x15C86D: riscv_cpu_realize (cpu.c:1059)
     n1: 65552 0x24653A: device_set_realized (qdev.c:510)
      n1: 65552 0x24A1EB: property_set_bool (object.c:2305)
       n1: 65552 0x24D3BA: object_property_set (object.c:1435)
        n1: 65552 0x2508D2: object_property_set_qobject (qom-qobject.c:28)
         n1: 65552 0x24D9E7: object_property_set_bool (object.c:1504)
          n1: 65552 0x151647: cpu_create (cpu-common.c:61)
           n0: 65552 0x15037F: main (main.c:796)
  n0: 21336 in 20 places, all below massif's threshold (1.00%)
  n2: 19176 0x24A9F6: type_new (object.c:106)
   n0: 9776 in 4 places, all below massif's threshold (1.00%)
   n1: 9400 0x24B202: type_initialize_interface (object.c:274)
    n0: 9400 in 2 places, all below massif's threshold (1.00%)
  n2: 10000 0x24D03E: object_property_try_add (object.c:1258)
   n1: 9760 0x24D0D8: object_property_add (object.c:1279)
    n0: 9760 in 3 places, all below massif's threshold (1.00%)
   n0: 240 in 1 place, below massif's threshold (1.00%)
  n1: 9384 0x24AD98: type_initialize.part.0 (object.c:325)
   n0: 9384 in 5 places, all below massif's threshold (1.00%)
  n0: 8920 0x15060D: main (main.c:936)
 n5: 98411 0x4FFD738: g_malloc (in /usr/lib/x86_64-linux-gnu/libglib-2.0.so.0.7200.4)
  n1: 32784 0x2A5492: tcg_malloc_internal (tcg.c:847)
   n1: 32784 0x2A5657: tcg_malloc (tcg.h:780)
    n1: 32784 0x2A5657: tcg_op_alloc (tcg.c:3198)
     n1: 32784 0x2AD6CC: tcg_emit_op (tcg.c:3214)
      n1: 32784 0x2B0BEA: tcg_gen_op3 (tcg-op.c:55)
       n1: 32784 0x213857: gen_tb_start (translator.c:52)
        n1: 32784 0x213857: translator_loop (translator.c:150)
         n1: 32784 0x1DDAC1: gen_intermediate_code (translate.c:1293)
          n1: 32784 0x212872: setjmp_gen_code.constprop.0 (translate-all.c:279)
           n1: 32784 0x212CAA: tb_gen_code (translate-all.c:357)
            n1: 32784 0x20CB4D: cpu_exec_loop.constprop.0 (cpu-exec.c:1006)
             n1: 32784 0x20CD98: cpu_exec_setjmp.isra.0 (cpu-exec.c:1058)
              n1: 32784 0x20D29B: cpu_exec (cpu-exec.c:1084)
               n1: 32784 0x15B2C7: cpu_loop (cpu_loop.c:37)
                n0: 32784 0x150703: main (main.c:1014)
  n0: 21579 in 20 places, all below massif's threshold (1.00%)
  n1: 16384 0x4FFDB73: ??? (in /usr/lib/x86_64-linux-gnu/libglib-2.0.so.0.7200.4)
   n1: 16384 0x4FBDBA8: ??? (in /usr/lib/x86_64-linux-gnu/libglib-2.0.so.0.7200.4)
    n1: 16384 0x400647D: call_init.part.0 (dl-init.c:70)
     n1: 16384 0x4006567: call_init (dl-init.c:33)
      n1: 16384 0x4006567: _dl_init (dl-init.c:117)
       n1: 16384 0x40202C9: ??? (in /usr/lib/x86_64-linux-gnu/ld-linux-x86-64.so.2)
        n1: 16384 0x1: ???
         n1: 16384 0x1FFF0000D2: ???
          n0: 16384 0x1FFF0000ED: ???
  n2: 15344 0x24C8FE: object_new_with_type (object.c:747)
   n1: 15168 0x151615: cpu_create (cpu-common.c:60)
    n0: 15168 0x15037F: main (main.c:796)
   n0: 176 in 3 places, all below massif's threshold (1.00%)
  n1: 12320 0x2CA2F9: q_tree_node_new (qtree.c:122)
   n1: 12320 0x2CA2F9: q_tree_insert_internal.isra.0 (qtree.c:604)
    n1: 12320 0x2A0816: tcg_tb_insert (region.c:229)
     n1: 12320 0x212EFF: tb_gen_code (translate-all.c:544)
      n1: 12320 0x20CB4D: cpu_exec_loop.constprop.0 (cpu-exec.c:1006)
       n1: 12320 0x20CD98: cpu_exec_setjmp.isra.0 (cpu-exec.c:1058)
        n1: 12320 0x20D29B: cpu_exec (cpu-exec.c:1084)
         n1: 12320 0x15B2C7: cpu_loop (cpu_loop.c:37)
          n0: 12320 0x150703: main (main.c:1014)
 n1: 15392 0x4FFDD7F: g_realloc (in /usr/lib/x86_64-linux-gnu/libglib-2.0.so.0.7200.4)
  n0: 15392 in 8 places, all below massif's threshold (1.00%)
 n0: 15022 in 16 places, all below massif's threshold (1.00%)
#-----------
snapshot=9
#-----------
time=19585884
mem_heap_B=788881
mem_heap_extra_B=34503
mem_stacks_B=0
heap_tree=empty
#-----------
snapshot=10
#-----------
time=21698486
mem_heap_B=790481
mem_heap_extra_B=35143
mem_stacks_B=0
heap_tree=empty
#-----------
snapshot=11
#-----------
time=23520824
mem_heap_B=790521
mem_heap_extra_B=35159
mem_stacks_B=0
heap_tree=empty
#-----------
snapshot=12
#-----------
time=25424808
mem_heap_B=792041
mem_heap_extra_B=35767
mem_stacks_B=0
heap_tree=detailed
n5: 792041 (heap allocation functions) malloc/new/new[], --alloc-fns, etc.
 n1: 524608 0x278D34: qemu_try_memalign (memalign.c:53)
  n2: 524608 0x278E64: qemu_memalign (memalign.c:73)
   n1: 524544 0x27551A: qht_map_create (qht.c:457)
    n2: 524544 0x275D99: qht_init (qht.c:475)
     n1: 524288 0x20BF39: tcg_init_machine (tcg-all.c:116)
      n0: 524288 0x150373: main (main.c:794)
     n0: 256 in 1 place, below massif's threshold (1.00%)
   n0: 64 in 1 place, below massif's threshold (1.00%)
 n6: 134368 0x4FFDC50: g_malloc0 (in /usr/lib/x86_64-linux-gnu/libglib-2.0.so.0.7200.4)
  n1: 65552 0x20D361: tcg_exec_realizefn (cpu-exec.c:1102)
   n1: 65552 0x1E644C: cpu_exec_realizefn (cpu-target.c:138)
    n1: 65552 0x15C86D: riscv_cpu_realize (cpu.c:1059)
     n1: 65552 0x24653A: device_set_realized (qdev.c:510)
      n1: 65552 0x24A1EB: property_set_bool (object.c:2305)
       n1: 65552 0x24D3BA: object_property_set (object.c:1435)
        n1: 65552 0x2508D2: object_property_set_qobject (qom-qobject.c:28)
         n1: 65552 0x24D9E7: object_property_set_bool (object.c:1504)
          n1: 65552 0x151647: cpu_create (cpu-common.c:61)
           n0: 65552 0x15037F: main (main.c:796)
  n0: 21336 in 20 places, all below massif's threshold (1.00%)
  n2: 19176 0x24A9F6: type_new (object.c:106)
   n0: 9776 in 4 places, all below massif's threshold (1.00%)
   n1: 9400 0x24B202: type_initialize_interface (object.c:274)
    n0: 9400 in 2 places, all below massif's threshold (1.00%)
  n2: 10000 0x24D03E: object_property_try_add (object.c:1258)
   n1: 9760 0x24D0D8: object_property_add (object.c:1279)
    n0: 9760 in 3 places, all below massif's threshold (1.00%)
   n0: 240 in 1 place, below massif's threshold (1.00%)
  n1: 9384 0x24AD98: type_initialize.part.0 (object.c:325)
   n0: 9384 in 5 places, all below massif's threshold (1.00%)
  n0: 8920 0x15060D: main (main.c:936)
 n5: 102651 0x4FFD738: g_malloc (in /usr/lib/x86_64-linux-gnu/libglib-2.0.so.0.7200.4)
  n1: 32784 0x2A5492: tcg_malloc_internal (tcg.c:847)
   n1: 32784 0x2A5657: tcg_malloc (tcg.h:780)
    n1: 32784 0x2A5657: tcg_op_alloc (tcg.c:3198)
     n1: 32784 0x2AD6CC: tcg_emit_op (tcg.c:3214)
      n1: 32784 0x2B0BEA: tcg_gen_op3 (tcg-op.c:55)
       n1: 32784 0x213857: gen_tb_start (translator.c:52)
        n1: 32784 0x213857: translator_loop (translator.c:150)
         n1: 32784 0x1DDAC1: gen_intermediate_code (translate.c:1293)
          n1: 32784 0x212872: setjmp_gen_code.constprop.0 (translate-all.c:279)
           n1: 32784 0x212CAA: tb_gen_code (translate-all.c:357)
            n1: 32784 0x20CB4D: cpu_exec_loop.constprop.0 (cpu-exec.c:1006)
             n1: 32784 0x20CD98: cpu_exec_setjmp.isra.0 (cpu-exec.c:1058)
              n1: 32784 0x20D29B: cpu_exec (cpu-exec.c:1084)
               n1: 32784 0x15B2C7: cpu_loop (cpu_loop.c:37)
                n0: 32784 0x150703: main (main.c:1014)
  n0: 21579 in 20 places, all below massif's threshold (1.00%)
  n1: 16560 0x2CA2F9: q_tree_node_new (qtree.c:122)
   n1: 16560 0x2CA2F9: q_tree_insert_internal.isra.0 (qtree.c:604)
    n1: 16560 0x2A0816: tcg_tb_insert (region.c:229)
     n1: 16560 0x212EFF: tb_gen_code (translate-all.c:544)
      n1: 16560 0x20CB4D: cpu_exec_loop.constprop.0 (cpu-exec.c:1006)
       n1: 16560 0x20CD98: cpu_exec_setjmp.isra.0 (cpu-exec.c:1058)
        n1: 16560 0x20D29B: cpu_exec (cpu-exec.c:1084)
         n1: 16560 0x15B2C7: cpu_loop (cpu_loop.c:37)
          n0: 16560 0x150703: main (main.c:1014)
  n1: 16384 0x4FFDB73: ??? (in /usr/lib/x86_64-linux-gnu/libglib-2.0.so.0.7200.4)
   n1: 16384 0x4FBDBA8: ??? (in /usr/lib/x86_64-linux-gnu/libglib-2.0.so.0.7200.4)
    n1: 16384 0x400647D: call_init.part.0 (dl-init.c:70)
     n1: 16384 0x4006567: call_init (dl-init.c:33)
      n1: 16384 0x4006567: _dl_init (dl-init.c:117)
       n1: 16384 0x40202C9: ??? (in /usr/lib/x86_64-linux-gnu/ld-linux-x86-64.so.2)
        n1: 16384 0x1: ???
         n1: 16384 0x1FFF0000D2: ???
          n0: 16384 0x1FFF0000ED: ???
  n2: 15344 0x24C8FE: object_new_with_type (object.c:747)
   n1: 15168 0x151615: cpu_create (cpu-common.c:60)
    n0: 15168 0x15037F: main (main.c:796)
   n0: 176 in 3 places, all below massif's threshold (1.00%)
 n1: 15392 0x4FFDD7F: g_realloc (in /usr/lib/x86_64-linux-gnu/libglib-2.0.so.0.7200.4)
  n0: 15392 in 8 places, all below massif's threshold (1.00%)
 n0: 15022 in 16 places, all below massif's threshold (1.00%)
#-----------
snapshot=13
#-----------
time=28430326
mem_heap_B=792201
mem_heap_extra_B=35831
mem_stacks_B=0
heap_tree=empty
#-----------
snapshot=14
#-----------
time=30738472
mem_heap_B=794033
mem_heap_extra_B=36519
mem_stacks_B=0
heap_tree=empty
#-----------
snapshot=15
#-----------
time=33764400
mem_heap_B=795921
mem_heap_extra_B=37319
mem_stacks_B=0
heap_tree=empty
#-----------
snapshot=16
#-----------
time=36003206
mem_heap_B=795993
mem_heap_extra_B=37303
mem_stacks_B=0
heap_tree=empty
#-----------
snapshot=17
#-----------
time=37447754
mem_heap_B=796241
mem_heap_extra_B=37447
mem_stacks_B=0
heap_tree=empty
#-----------
snapshot=18
#-----------
time=784411724
mem_heap_B=796313
mem_heap_extra_B=37431
mem_stacks_B=0
heap_tree=empty
#-----------
snapshot=19
#-----------
time=784669054
mem_heap_B=796881
mem_heap_extra_B=37031
mem_stacks_B=0
heap_tree=detailed
n5: 796881 (heap allocation functions) malloc/new/new[], --alloc-fns, etc.
 n1: 524608 0x278D34: qemu_try_memalign (memalign.c:53)
  n2: 524608 0x278E64: qemu_memalign (memalign.c:73)
   n1: 524544 0x27551A: qht_map_create (qht.c:457)
    n2: 524544 0x275D99: qht_init (qht.c:475)
     n1: 524288 0x20BF39: tcg_init_machine (tcg-all.c:116)
      n0: 524288 0x150373: main (main.c:794)
     n0: 256 in 1 place, below massif's threshold (1.00%)
   n0: 64 in 1 place, below massif's threshold (1.00%)
 n6: 134368 0x4FFDC50: g_malloc0 (in /usr/lib/x86_64-linux-gnu/libglib-2.0.so.0.7200.4)
  n1: 65552 0x20D361: tcg_exec_realizefn (cpu-exec.c:1102)
   n1: 65552 0x1E644C: cpu_exec_realizefn (cpu-target.c:138)
    n1: 65552 0x15C86D: riscv_cpu_realize (cpu.c:1059)
     n1: 65552 0x24653A: device_set_realized (qdev.c:510)
      n1: 65552 0x24A1EB: property_set_bool (object.c:2305)
       n1: 65552 0x24D3BA: object_property_set (object.c:1435)
        n1: 65552 0x2508D2: object_property_set_qobject (qom-qobject.c:28)
         n1: 65552 0x24D9E7: object_property_set_bool (object.c:1504)
          n1: 65552 0x151647: cpu_create (cpu-common.c:61)
           n0: 65552 0x15037F: main (main.c:796)
  n0: 21336 in 20 places, all below massif's threshold (1.00%)
  n2: 19176 0x24A9F6: type_new (object.c:106)
   n0: 9776 in 4 places, all below massif's threshold (1.00%)
   n1: 9400 0x24B202: type_initialize_interface (object.c:274)
    n0: 9400 in 2 places, all below massif's threshold (1.00%)
  n2: 10000 0x24D03E: object_property_try_add (object.c:1258)
   n1: 9760 0x24D0D8: object_property_add (object.c:1279)
    n0: 9760 in 3 places, all below massif's threshold (1.00%)
   n0: 240 in 1 place, below massif's threshold (1.00%)
  n1: 9384 0x24AD98: type_initialize.part.0 (object.c:325)
   n0: 9384 in 5 places, all below massif's threshold (1.00%)
  n0: 8920 0x15060D: main (main.c:936)
 n5: 107011 0x4FFD738: g_malloc (in /usr/lib/x86_64-linux-gnu/libglib-2.0.so.0.7200.4)
  n1: 32784 0x2A5492: tcg_malloc_internal (tcg.c:847)
   n1: 32784 0x2A5657: tcg_malloc (tcg.h:780)
    n1: 32784 0x2A5657: tcg_op_alloc (tcg.c:3198)
     n1: 32784 0x2AD6CC: tcg_emit_op (tcg.c:3214)
      n1: 32784 0x2B0BEA: tcg_gen_op3 (tcg-op.c:55)
       n1: 32784 0x213857: gen_tb_start (translator.c:52)
        n1: 32784 0x213857: translator_loop (translator.c:150)
         n1: 32784 0x1DDAC1: gen_intermediate_code (translate.c:1293)
          n1: 32784 0x212872: setjmp_gen_code.constprop.0 (translate-all.c:279)
           n1: 32784 0x212CAA: tb_gen_code (translate-all.c:357)
            n1: 32784 0x20CB4D: cpu_exec_loop.constprop.0 (cpu-exec.c:1006)
             n1: 32784 0x20CD98: cpu_exec_setjmp.isra.0 (cpu-exec.c:1058)
              n1: 32784 0x20D29B: cpu_exec (cpu-exec.c:1084)
               n1: 32784 0x15B2C7: cpu_loop (cpu_loop.c:37)
                n0: 32784 0x150703: main (main.c:1014)
  n0: 21579 in 20 places, all below massif's threshold (1.00%)
  n1: 20920 0x2CA2F9: q_tree_node_new (qtree.c:122)
   n1: 20920 0x2CA2F9: q_tree_insert_internal.isra.0 (qtree.c:604)
    n1: 20920 0x2A0816: tcg_tb_insert (region.c:229)
     n1: 20920 0x212EFF: tb_gen_code (translate-all.c:544)
      n1: 20920 0x20CB4D: cpu_exec_loop.constprop.0 (cpu-exec.c:1006)
       n1: 20920 0x20CD98: cpu_exec_setjmp.isra.0 (cpu-exec.c:1058)
        n1: 20920 0x20D29B: cpu_exec (cpu-exec.c:1084)
         n1: 20920 0x15B2C7: cpu_loop (cpu_loop.c:37)
          n0: 20920 0x150703: main (main.c:1014)
  n1: 16384 0x4FFDB73: ??? (in /usr/lib/x86_64-linux-gnu/libglib-2.0.so.0.7200.4)
   n1: 16384 0x4FBDBA8: ??? (in /usr/lib/x86_64-linux-gnu/libglib-2.0.so.0.7200.4)
    n1: 16384 0x400647D: call_init.part.0 (dl-init.c:70)
     n1: 16384 0x4006567: call_init (dl-init.c:33)
      n1: 16384 0x4006567: _dl_init (dl-init.c:117)
       n1: 16384 0x40202C9: ??? (in /usr/lib/x86_64-linux-gnu/ld-linux-x86-64.so.2)
        n1: 16384 0x1: ???
         n1: 16384 0x1FFF0000D2: ???
          n0: 16384 0x1FFF0000ED: ???
  n2: 15344 0x24C8FE: object_new_with_type (object.c:747)
   n1: 15168 0x151615: cpu_create (cpu-common.c:60)
    n0: 15168 0x15037F: main (main.c:796)
   n0: 176 in 3 places, all below massif's threshold (1.00%)
 n1: 15872 0x4FFDD7F: g_realloc (in /usr/lib/x86_64-linux-gnu/libglib-2.0.so.0.7200.4)
  n0: 15872 in 8 places, all below massif's threshold (1.00%)
 n0: 15022 in 16 places, all below massif's threshold (1.00%)
#-----------
snapshot=20
#-----------
time=1539301521
mem_heap_B=796561
mem_heap_extra_B=37575
mem_stacks_B=0
heap_tree=empty
#-----------
snapshot=21
#-----------
time=1540056939
mem_heap_B=797281
mem_heap_extra_B=37863
mem_stacks_B=0
heap_tree=empty
#-----------
snapshot=22
#-----------
time=2294596836
mem_heap_B=797361
mem_heap_extra_B=37895
mem_stacks_B=0
heap_tree=empty
#-----------
snapshot=23
#-----------
time=3049166754
mem_heap_B=797481
mem_heap_extra_B=37943
mem_stacks_B=0
heap_tree=empty
#-----------
snapshot=24
#-----------
time=3049428206
mem_heap_B=797881
mem_heap_extra_B=37879
mem_stacks_B=0
heap_tree=empty
#-----------
snapshot=25
#-----------
time=76232003669
mem_heap_B=797885
mem_heap_extra_B=37899
mem_stacks_B=0
heap_tree=empty
#-----------
snapshot=26
#-----------
time=76233107059
mem_heap_B=798925
mem_heap_extra_B=38315
mem_stacks_B=0
heap_tree=detailed
n5: 798925 (heap allocation functions) malloc/new/new[], --alloc-fns, etc.
 n1: 524608 0x278D34: qemu_try_memalign (memalign.c:53)
  n2: 524608 0x278E64: qemu_memalign (memalign.c:73)
   n1: 524544 0x27551A: qht_map_create (qht.c:457)
    n2: 524544 0x275D99: qht_init (qht.c:475)
     n1: 524288 0x20BF39: tcg_init_machine (tcg-all.c:116)
      n0: 524288 0x150373: main (main.c:794)
     n0: 256 in 1 place, below massif's threshold (1.00%)
   n0: 64 in 1 place, below massif's threshold (1.00%)
 n6: 134372 0x4FFDC50: g_malloc0 (in /usr/lib/x86_64-linux-gnu/libglib-2.0.so.0.7200.4)
  n1: 65552 0x20D361: tcg_exec_realizefn (cpu-exec.c:1102)
   n1: 65552 0x1E644C: cpu_exec_realizefn (cpu-target.c:138)
    n1: 65552 0x15C86D: riscv_cpu_realize (cpu.c:1059)
     n1: 65552 0x24653A: device_set_realized (qdev.c:510)
      n1: 65552 0x24A1EB: property_set_bool (object.c:2305)
       n1: 65552 0x24D3BA: object_property_set (object.c:1435)
        n1: 65552 0x2508D2: object_property_set_qobject (qom-qobject.c:28)
         n1: 65552 0x24D9E7: object_property_set_bool (object.c:1504)
          n1: 65552 0x151647: cpu_create (cpu-common.c:61)
           n0: 65552 0x15037F: main (main.c:796)
  n0: 21340 in 20 places, all below massif's threshold (1.00%)
  n2: 19176 0x24A9F6: type_new (object.c:106)
   n0: 9776 in 4 places, all below massif's threshold (1.00%)
   n1: 9400 0x24B202: type_initialize_interface (object.c:274)
    n0: 9400 in 2 places, all below massif's threshold (1.00%)
  n2: 10000 0x24D03E: object_property_try_add (object.c:1258)
   n1: 9760 0x24D0D8: object_property_add (object.c:1279)
    n0: 9760 in 3 places, all below massif's threshold (1.00%)
   n0: 240 in 1 place, below massif's threshold (1.00%)
  n1: 9384 0x24AD98: type_initialize.part.0 (object.c:325)
   n0: 9384 in 5 places, all below massif's threshold (1.00%)
  n0: 8920 0x15060D: main (main.c:936)
 n5: 109371 0x4FFD738: g_malloc (in /usr/lib/x86_64-linux-gnu/libglib-2.0.so.0.7200.4)
  n1: 32784 0x2A5492: tcg_malloc_internal (tcg.c:847)
   n1: 32784 0x2A5657: tcg_malloc (tcg.h:780)
    n1: 32784 0x2A5657: tcg_op_alloc (tcg.c:3198)
     n1: 32784 0x2AD6CC: tcg_emit_op (tcg.c:3214)
      n1: 32784 0x2B0BEA: tcg_gen_op3 (tcg-op.c:55)
       n1: 32784 0x213857: gen_tb_start (translator.c:52)
        n1: 32784 0x213857: translator_loop (translator.c:150)
         n1: 32784 0x1DDAC1: gen_intermediate_code (translate.c:1293)
          n1: 32784 0x212872: setjmp_gen_code.constprop.0 (translate-all.c:279)
           n1: 32784 0x212CAA: tb_gen_code (translate-all.c:357)
            n1: 32784 0x20CB4D: cpu_exec_loop.constprop.0 (cpu-exec.c:1006)
             n1: 32784 0x20CD98: cpu_exec_setjmp.isra.0 (cpu-exec.c:1058)
              n1: 32784 0x20D29B: cpu_exec (cpu-exec.c:1084)
               n1: 32784 0x15B2C7: cpu_loop (cpu_loop.c:37)
                n0: 32784 0x150703: main (main.c:1014)
  n1: 23280 0x2CA2F9: q_tree_node_new (qtree.c:122)
   n1: 23280 0x2CA2F9: q_tree_insert_internal.isra.0 (qtree.c:604)
    n1: 23280 0x2A0816: tcg_tb_insert (region.c:229)
     n1: 23280 0x212EFF: tb_gen_code (translate-all.c:544)
      n1: 23280 0x20CB4D: cpu_exec_loop.constprop.0 (cpu-exec.c:1006)
       n1: 23280 0x20CD98: cpu_exec_setjmp.isra.0 (cpu-exec.c:1058)
        n1: 23280 0x20D29B: cpu_exec (cpu-exec.c:1084)
         n1: 23280 0x15B2C7: cpu_loop (cpu_loop.c:37)
          n0: 23280 0x150703: main (main.c:1014)
  n0: 21579 in 20 places, all below massif's threshold (1.00%)
  n1: 16384 0x4FFDB73: ??? (in /usr/lib/x86_64-linux-gnu/libglib-2.0.so.0.7200.4)
   n1: 16384 0x4FBDBA8: ??? (in /usr/lib/x86_64-linux-gnu/libglib-2.0.so.0.7200.4)
    n1: 16384 0x400647D: call_init.part.0 (dl-init.c:70)
     n1: 16384 0x4006567: call_init (dl-init.c:33)
      n1: 16384 0x4006567: _dl_init (dl-init.c:117)
       n1: 16384 0x40202C9: ??? (in /usr/lib/x86_64-linux-gnu/ld-linux-x86-64.so.2)
        n1: 16384 0x1: ???
         n1: 16384 0x1FFF0000D2: ???
          n0: 16384 0x1FFF0000ED: ???
  n2: 15344 0x24C8FE: object_new_with_type (object.c:747)
   n1: 15168 0x151615: cpu_create (cpu-common.c:60)
    n0: 15168 0x15037F: main (main.c:796)
   n0: 176 in 3 places, all below massif's threshold (1.00%)
 n1: 15552 0x4FFDD7F: g_realloc (in /usr/lib/x86_64-linux-gnu/libglib-2.0.so.0.7200.4)
  n0: 15552 in 8 places, all below massif's threshold (1.00%)
 n0: 15022 in 16 places, all below massif's threshold (1.00%)
#-----------
snapshot=27
#-----------
time=76236149492
mem_heap_B=801441
mem_heap_extra_B=39527
mem_stacks_B=0
heap_tree=empty
#-----------
snapshot=28
#-----------
time=76238549674
mem_heap_B=801521
mem_heap_extra_B=39559
mem_stacks_B=0
heap_tree=empty
#-----------
snapshot=29
#-----------
time=151684522691
mem_heap_B=801553
mem_heap_extra_B=39527
mem_stacks_B=0
heap_tree=empty
#-----------
snapshot=30
#-----------
time=378029494261
mem_heap_B=802045
mem_heap_extra_B=39115
mem_stacks_B=0
heap_tree=empty
#-----------
snapshot=31
#-----------
time=378031115512
mem_heap_B=802921
mem_heap_extra_B=40119
mem_stacks_B=0
heap_tree=detailed
n5: 802921 (heap allocation functions) malloc/new/new[], --alloc-fns, etc.
 n1: 524608 0x278D34: qemu_try_memalign (memalign.c:53)
  n2: 524608 0x278E64: qemu_memalign (memalign.c:73)
   n1: 524544 0x27551A: qht_map_create (qht.c:457)
    n2: 524544 0x275D99: qht_init (qht.c:475)
     n1: 524288 0x20BF39: tcg_init_machine (tcg-all.c:116)
      n0: 524288 0x150373: main (main.c:794)
     n0: 256 in 1 place, below massif's threshold (1.00%)
   n0: 64 in 1 place, below massif's threshold (1.00%)
 n6: 134368 0x4FFDC50: g_malloc0 (in /usr/lib/x86_64-linux-gnu/libglib-2.0.so.0.7200.4)
  n1: 65552 0x20D361: tcg_exec_realizefn (cpu-exec.c:1102)
   n1: 65552 0x1E644C: cpu_exec_realizefn (cpu-target.c:138)
    n1: 65552 0x15C86D: riscv_cpu_realize (cpu.c:1059)
     n1: 65552 0x24653A: device_set_realized (qdev.c:510)
      n1: 65552 0x24A1EB: property_set_bool (object.c:2305)
       n1: 65552 0x24D3BA: object_property_set (object.c:1435)
        n1: 65552 0x2508D2: object_property_set_qobject (qom-qobject.c:28)
         n1: 65552 0x24D9E7: object_property_set_bool (object.c:1504)
          n1: 65552 0x151647: cpu_create (cpu-common.c:61)
           n0: 65552 0x15037F: main (main.c:796)
  n0: 21336 in 20 places, all below massif's threshold (1.00%)
  n2: 19176 0x24A9F6: type_new (object.c:106)
   n0: 9776 in 4 places, all below massif's threshold (1.00%)
   n1: 9400 0x24B202: type_initialize_interface (object.c:274)
    n0: 9400 in 2 places, all below massif's threshold (1.00%)
  n2: 10000 0x24D03E: object_property_try_add (object.c:1258)
   n1: 9760 0x24D0D8: object_property_add (object.c:1279)
    n0: 9760 in 3 places, all below massif's threshold (1.00%)
   n0: 240 in 1 place, below massif's threshold (1.00%)
  n1: 9384 0x24AD98: type_initialize.part.0 (object.c:325)
   n0: 9384 in 5 places, all below massif's threshold (1.00%)
  n0: 8920 0x15060D: main (main.c:936)
 n5: 113531 0x4FFD738: g_malloc (in /usr/lib/x86_64-linux-gnu/libglib-2.0.so.0.7200.4)
  n1: 32784 0x2A5492: tcg_malloc_internal (tcg.c:847)
   n1: 32784 0x2A5657: tcg_malloc (tcg.h:780)
    n1: 32784 0x2A5657: tcg_op_alloc (tcg.c:3198)
     n1: 32784 0x2AD6CC: tcg_emit_op (tcg.c:3214)
      n1: 32784 0x2B0BEA: tcg_gen_op3 (tcg-op.c:55)
       n1: 32784 0x213857: gen_tb_start (translator.c:52)
        n1: 32784 0x213857: translator_loop (translator.c:150)
         n1: 32784 0x1DDAC1: gen_intermediate_code (translate.c:1293)
          n1: 32784 0x212872: setjmp_gen_code.constprop.0 (translate-all.c:279)
           n1: 32784 0x212CAA: tb_gen_code (translate-all.c:357)
            n1: 32784 0x20CB4D: cpu_exec_loop.constprop.0 (cpu-exec.c:1006)
             n1: 32784 0x20CD98: cpu_exec_setjmp.isra.0 (cpu-exec.c:1058)
              n1: 32784 0x20D29B: cpu_exec (cpu-exec.c:1084)
               n1: 32784 0x15B2C7: cpu_loop (cpu_loop.c:37)
                n0: 32784 0x150703: main (main.c:1014)
  n1: 27440 0x2CA2F9: q_tree_node_new (qtree.c:122)
   n1: 27440 0x2CA2F9: q_tree_insert_internal.isra.0 (qtree.c:604)
    n1: 27440 0x2A0816: tcg_tb_insert (region.c:229)
     n1: 27440 0x212EFF: tb_gen_code (translate-all.c:544)
      n1: 27440 0x20CB4D: cpu_exec_loop.constprop.0 (cpu-exec.c:1006)
       n1: 27440 0x20CD98: cpu_exec_setjmp.isra.0 (cpu-exec.c:1058)
        n1: 27440 0x20D29B: cpu_exec (cpu-exec.c:1084)
         n1: 27440 0x15B2C7: cpu_loop (cpu_loop.c:37)
          n0: 27440 0x150703: main (main.c:1014)
  n0: 21579 in 20 places, all below massif's threshold (1.00%)
  n1: 16384 0x4FFDB73: ??? (in /usr/lib/x86_64-linux-gnu/libglib-2.0.so.0.7200.4)
   n1: 16384 0x4FBDBA8: ??? (in /usr/lib/x86_64-linux-gnu/libglib-2.0.so.0.7200.4)
    n1: 16384 0x400647D: call_init.part.0 (dl-init.c:70)
     n1: 16384 0x4006567: call_init (dl-init.c:33)
      n1: 16384 0x4006567: _dl_init (dl-init.c:117)
       n1: 16384 0x40202C9: ??? (in /usr/lib/x86_64-linux-gnu/ld-linux-x86-64.so.2)
        n1: 16384 0x1: ???
         n1: 16384 0x1FFF0000D2: ???
          n0: 16384 0x1FFF0000ED: ???
  n2: 15344 0x24C8FE: object_new_with_type (object.c:747)
   n1: 15168 0x151615: cpu_create (cpu-common.c:60)
    n0: 15168 0x15037F: main (main.c:796)
   n0: 176 in 3 places, all below massif's threshold (1.00%)
 n1: 15392 0x4FFDD7F: g_realloc (in /usr/lib/x86_64-linux-gnu/libglib-2.0.so.0.7200.4)
  n0: 15392 in 8 places, all below massif's threshold (1.00%)
 n0: 15022 in 16 places, all below massif's threshold (1.00%)
#-----------
snapshot=32
#-----------
time=378033557936
mem_heap_B=805321
mem_heap_extra_B=41079
mem_stacks_B=0
heap_tree=empty
#-----------
snapshot=33
#-----------
time=378036638680
mem_heap_B=808601
mem_heap_extra_B=42167
mem_stacks_B=0
heap_tree=empty
#-----------
snapshot=34
#-----------
time=378038751504
mem_heap_B=810961
mem_heap_extra_B=41767
mem_stacks_B=0
heap_tree=detailed
n5: 810961 (heap allocation functions) malloc/new/new[], --alloc-fns, etc.
 n1: 524608 0x278D34: qemu_try_memalign (memalign.c:53)
  n2: 524608 0x278E64: qemu_memalign (memalign.c:73)
   n1: 524544 0x27551A: qht_map_create (qht.c:457)
    n2: 524544 0x275D99: qht_init (qht.c:475)
     n1: 524288 0x20BF39: tcg_init_machine (tcg-all.c:116)
      n0: 524288 0x150373: main (main.c:794)
     n0: 256 in 1 place, below massif's threshold (1.00%)
   n0: 64 in 1 place, below massif's threshold (1.00%)
 n6: 134368 0x4FFDC50: g_malloc0 (in /usr/lib/x86_64-linux-gnu/libglib-2.0.so.0.7200.4)
  n1: 65552 0x20D361: tcg_exec_realizefn (cpu-exec.c:1102)
   n1: 65552 0x1E644C: cpu_exec_realizefn (cpu-target.c:138)
    n1: 65552 0x15C86D: riscv_cpu_realize (cpu.c:1059)
     n1: 65552 0x24653A: device_set_realized (qdev.c:510)
      n1: 65552 0x24A1EB: property_set_bool (object.c:2305)
       n1: 65552 0x24D3BA: object_property_set (object.c:1435)
        n1: 65552 0x2508D2: object_property_set_qobject (qom-qobject.c:28)
         n1: 65552 0x24D9E7: object_property_set_bool (object.c:1504)
          n1: 65552 0x151647: cpu_create (cpu-common.c:61)
           n0: 65552 0x15037F: main (main.c:796)
  n0: 21336 in 20 places, all below massif's threshold (1.00%)
  n2: 19176 0x24A9F6: type_new (object.c:106)
   n0: 9776 in 4 places, all below massif's threshold (1.00%)
   n1: 9400 0x24B202: type_initialize_interface (object.c:274)
    n0: 9400 in 2 places, all below massif's threshold (1.00%)
  n2: 10000 0x24D03E: object_property_try_add (object.c:1258)
   n1: 9760 0x24D0D8: object_property_add (object.c:1279)
    n0: 9760 in 3 places, all below massif's threshold (1.00%)
   n0: 240 in 1 place, below massif's threshold (1.00%)
  n1: 9384 0x24AD98: type_initialize.part.0 (object.c:325)
   n0: 9384 in 5 places, all below massif's threshold (1.00%)
  n0: 8920 0x15060D: main (main.c:936)
 n5: 120451 0x4FFD738: g_malloc (in /usr/lib/x86_64-linux-gnu/libglib-2.0.so.0.7200.4)
  n1: 34360 0x2CA2F9: q_tree_node_new (qtree.c:122)
   n1: 34360 0x2CA2F9: q_tree_insert_internal.isra.0 (qtree.c:604)
    n1: 34360 0x2A0816: tcg_tb_insert (region.c:229)
     n1: 34360 0x212EFF: tb_gen_code (translate-all.c:544)
      n1: 34360 0x20CB4D: cpu_exec_loop.constprop.0 (cpu-exec.c:1006)
       n1: 34360 0x20CD98: cpu_exec_setjmp.isra.0 (cpu-exec.c:1058)
        n1: 34360 0x20D29B: cpu_exec (cpu-exec.c:1084)
         n1: 34360 0x15B2C7: cpu_loop (cpu_loop.c:37)
          n0: 34360 0x150703: main (main.c:1014)
  n1: 32784 0x2A5492: tcg_malloc_internal (tcg.c:847)
   n1: 32784 0x2A5657: tcg_malloc (tcg.h:780)
    n1: 32784 0x2A5657: tcg_op_alloc (tcg.c:3198)
     n1: 32784 0x2AD6CC: tcg_emit_op (tcg.c:3214)
      n1: 32784 0x2B0BEA: tcg_gen_op3 (tcg-op.c:55)
       n1: 32784 0x213857: gen_tb_start (translator.c:52)
        n1: 32784 0x213857: translator_loop (translator.c:150)
         n1: 32784 0x1DDAC1: gen_intermediate_code (translate.c:1293)
          n1: 32784 0x212872: setjmp_gen_code.constprop.0 (translate-all.c:279)
           n1: 32784 0x212CAA: tb_gen_code (translate-all.c:357)
            n1: 32784 0x20CB4D: cpu_exec_loop.constprop.0 (cpu-exec.c:1006)
             n1: 32784 0x20CD98: cpu_exec_setjmp.isra.0 (cpu-exec.c:1058)
              n1: 32784 0x20D29B: cpu_exec (cpu-exec.c:1084)
               n1: 32784 0x15B2C7: cpu_loop (cpu_loop.c:37)
                n0: 32784 0x150703: main (main.c:1014)
  n0: 21579 in 20 places, all below massif's threshold (1.00%)
  n1: 16384 0x4FFDB73: ??? (in /usr/lib/x86_64-linux-gnu/libglib-2.0.so.0.7200.4)
   n1: 16384 0x4FBDBA8: ??? (in /usr/lib/x86_64-linux-gnu/libglib-2.0.so.0.7200.4)
    n1: 16384 0x400647D: call_init.part.0 (dl-init.c:70)
     n1: 16384 0x4006567: call_init (dl-init.c:33)
      n1: 16384 0x4006567: _dl_init (dl-init.c:117)
       n1: 16384 0x40202C9: ??? (in /usr/lib/x86_64-linux-gnu/ld-linux-x86-64.so.2)
        n1: 16384 0x1: ???
         n1: 16384 0x1FFF0000D2: ???
          n0: 16384 0x1FFF0000ED: ???
  n2: 15344 0x24C8FE: object_new_with_type (object.c:747)
   n1: 15168 0x151615: cpu_create (cpu-common.c:60)
    n0: 15168 0x15037F: main (main.c:796)
   n0: 176 in 3 places, all below massif's threshold (1.00%)
 n1: 16512 0x4FFDD7F: g_realloc (in /usr/lib/x86_64-linux-gnu/libglib-2.0.so.0.7200.4)
  n0: 16512 in 8 places, all below massif's threshold (1.00%)
 n0: 15022 in 16 places, all below massif's threshold (1.00%)
#-----------
snapshot=35
#-----------
time=378041819279
mem_heap_B=812561
mem_heap_extra_B=43975
mem_stacks_B=0
heap_tree=empty
#-----------
snapshot=36
#-----------
time=378043512932
mem_heap_B=814161
mem_heap_extra_B=44615
mem_stacks_B=0
heap_tree=empty
#-----------
snapshot=37
#-----------
time=378045279822
mem_heap_B=815921
mem_heap_extra_B=45095
mem_stacks_B=0
heap_tree=empty
#-----------
snapshot=38
#-----------
time=378047004245
mem_heap_B=817521
mem_heap_extra_B=45959
mem_stacks_B=0
heap_tree=empty
#-----------
snapshot=39
#-----------
time=378049561755
mem_heap_B=819601
mem_heap_extra_B=46791
mem_stacks_B=0
heap_tree=detailed
n5: 819601 (heap allocation functions) malloc/new/new[], --alloc-fns, etc.
 n1: 524608 0x278D34: qemu_try_memalign (memalign.c:53)
  n2: 524608 0x278E64: qemu_memalign (memalign.c:73)
   n1: 524544 0x27551A: qht_map_create (qht.c:457)
    n2: 524544 0x275D99: qht_init (qht.c:475)
     n1: 524288 0x20BF39: tcg_init_machine (tcg-all.c:116)
      n0: 524288 0x150373: main (main.c:794)
     n0: 256 in 1 place, below massif's threshold (1.00%)
   n0: 64 in 1 place, below massif's threshold (1.00%)
 n6: 134368 0x4FFDC50: g_malloc0 (in /usr/lib/x86_64-linux-gnu/libglib-2.0.so.0.7200.4)
  n1: 65552 0x20D361: tcg_exec_realizefn (cpu-exec.c:1102)
   n1: 65552 0x1E644C: cpu_exec_realizefn (cpu-target.c:138)
    n1: 65552 0x15C86D: riscv_cpu_realize (cpu.c:1059)
     n1: 65552 0x24653A: device_set_realized (qdev.c:510)
      n1: 65552 0x24A1EB: property_set_bool (object.c:2305)
       n1: 65552 0x24D3BA: object_property_set (object.c:1435)
        n1: 65552 0x2508D2: object_property_set_qobject (qom-qobject.c:28)
         n1: 65552 0x24D9E7: object_property_set_bool (object.c:1504)
          n1: 65552 0x151647: cpu_create (cpu-common.c:61)
           n0: 65552 0x15037F: main (main.c:796)
  n0: 21336 in 20 places, all below massif's threshold (1.00%)
  n2: 19176 0x24A9F6: type_new (object.c:106)
   n0: 9776 in 4 places, all below massif's threshold (1.00%)
   n1: 9400 0x24B202: type_initialize_interface (object.c:274)
    n0: 9400 in 2 places, all below massif's threshold (1.00%)
  n2: 10000 0x24D03E: object_property_try_add (object.c:1258)
   n1: 9760 0x24D0D8: object_property_add (object.c:1279)
    n0: 9760 in 3 places, all below massif's threshold (1.00%)
   n0: 240 in 1 place, below massif's threshold (1.00%)
  n1: 9384 0x24AD98: type_initialize.part.0 (object.c:325)
   n0: 9384 in 5 places, all below massif's threshold (1.00%)
  n0: 8920 0x15060D: main (main.c:936)
 n5: 130211 0x4FFD738: g_malloc (in /usr/lib/x86_64-linux-gnu/libglib-2.0.so.0.7200.4)
  n1: 44120 0x2CA2F9: q_tree_node_new (qtree.c:122)
   n1: 44120 0x2CA2F9: q_tree_insert_internal.isra.0 (qtree.c:604)
    n1: 44120 0x2A0816: tcg_tb_insert (region.c:229)
     n1: 44120 0x212EFF: tb_gen_code (translate-all.c:544)
      n1: 44120 0x20CB4D: cpu_exec_loop.constprop.0 (cpu-exec.c:1006)
       n1: 44120 0x20CD98: cpu_exec_setjmp.isra.0 (cpu-exec.c:1058)
        n1: 44120 0x20D29B: cpu_exec (cpu-exec.c:1084)
         n1: 44120 0x15B2C7: cpu_loop (cpu_loop.c:37)
          n0: 44120 0x150703: main (main.c:1014)
  n1: 32784 0x2A5492: tcg_malloc_internal (tcg.c:847)
   n1: 32784 0x2A5657: tcg_malloc (tcg.h:780)
    n1: 32784 0x2A5657: tcg_op_alloc (tcg.c:3198)
     n1: 32784 0x2AD6CC: tcg_emit_op (tcg.c:3214)
      n1: 32784 0x2B0BEA: tcg_gen_op3 (tcg-op.c:55)
       n1: 32784 0x213857: gen_tb_start (translator.c:52)
        n1: 32784 0x213857: translator_loop (translator.c:150)
         n1: 32784 0x1DDAC1: gen_intermediate_code (translate.c:1293)
          n1: 32784 0x212872: setjmp_gen_code.constprop.0 (translate-all.c:279)
           n1: 32784 0x212CAA: tb_gen_code (translate-all.c:357)
            n1: 32784 0x20CB4D: cpu_exec_loop.constprop.0 (cpu-exec.c:1006)
             n1: 32784 0x20CD98: cpu_exec_setjmp.isra.0 (cpu-exec.c:1058)
              n1: 32784 0x20D29B: cpu_exec (cpu-exec.c:1084)
               n1: 32784 0x15B2C7: cpu_loop (cpu_loop.c:37)
                n0: 32784 0x150703: main (main.c:1014)
  n0: 21579 in 20 places, all below massif's threshold (1.00%)
  n1: 16384 0x4FFDB73: ??? (in /usr/lib/x86_64-linux-gnu/libglib-2.0.so.0.7200.4)
   n1: 16384 0x4FBDBA8: ??? (in /usr/lib/x86_64-linux-gnu/libglib-2.0.so.0.7200.4)
    n1: 16384 0x400647D: call_init.part.0 (dl-init.c:70)
     n1: 16384 0x4006567: call_init (dl-init.c:33)
      n1: 16384 0x4006567: _dl_init (dl-init.c:117)
       n1: 16384 0x40202C9: ??? (in /usr/lib/x86_64-linux-gnu/ld-linux-x86-64.so.2)
        n1: 16384 0x1: ???
         n1: 16384 0x1FFF0000D2: ???
          n0: 16384 0x1FFF0000ED: ???
  n2: 15344 0x24C8FE: object_new_with_type (object.c:747)
   n1: 15168 0x151615: cpu_create (cpu-common.c:60)
    n0: 15168 0x15037F: main (main.c:796)
   n0: 176 in 3 places, all below massif's threshold (1.00%)
 n1: 15392 0x4FFDD7F: g_realloc (in /usr/lib/x86_64-linux-gnu/libglib-2.0.so.0.7200.4)
  n0: 15392 in 8 places, all below massif's threshold (1.00%)
 n0: 15022 in 16 places, all below massif's threshold (1.00%)
#-----------
snapshot=40
#-----------
time=378051217341
mem_heap_B=821081
mem_heap_extra_B=47383
mem_stacks_B=0
heap_tree=empty
#-----------
snapshot=41
#-----------
time=378052957977
mem_heap_B=822681
mem_heap_extra_B=47799
mem_stacks_B=0
heap_tree=empty
#-----------
snapshot=42
#-----------
time=378055545651
mem_heap_B=824721
mem_heap_extra_B=48839
mem_stacks_B=0
heap_tree=empty
#-----------
snapshot=43
#-----------
time=378057241740
mem_heap_B=826241
mem_heap_extra_B=49223
mem_stacks_B=0
heap_tree=empty
#-----------
snapshot=44
#-----------
time=378060023521
mem_heap_B=828881
mem_heap_extra_B=50503
mem_stacks_B=0
heap_tree=empty
#-----------
snapshot=45
#-----------
time=378061247247
mem_heap_B=830161
mem_heap_extra_B=51015
mem_stacks_B=0
heap_tree=empty
#-----------
snapshot=46
#-----------
time=378063164037
mem_heap_B=832201
mem_heap_extra_B=51831
mem_stacks_B=0
heap_tree=empty
#-----------
snapshot=47
#-----------
time=378065639609
mem_heap_B=834521
mem_heap_extra_B=52759
mem_stacks_B=0
heap_tree=empty
#-----------
snapshot=48
#-----------
time=378067837585
mem_heap_B=836525
mem_heap_extra_B=53355
mem_stacks_B=0
heap_tree=peak
n5: 836525 (heap allocation functions) malloc/new/new[], --alloc-fns, etc.
 n1: 524608 0x278D34: qemu_try_memalign (memalign.c:53)
  n2: 524608 0x278E64: qemu_memalign (memalign.c:73)
   n1: 524544 0x27551A: qht_map_create (qht.c:457)
    n2: 524544 0x275D99: qht_init (qht.c:475)
     n1: 524288 0x20BF39: tcg_init_machine (tcg-all.c:116)
      n0: 524288 0x150373: main (main.c:794)
     n0: 256 in 1 place, below massif's threshold (1.00%)
   n0: 64 in 1 place, below massif's threshold (1.00%)
 n5: 146971 0x4FFD738: g_malloc (in /usr/lib/x86_64-linux-gnu/libglib-2.0.so.0.7200.4)
  n1: 60880 0x2CA2F9: q_tree_node_new (qtree.c:122)
   n1: 60880 0x2CA2F9: q_tree_insert_internal.isra.0 (qtree.c:604)
    n1: 60880 0x2A0816: tcg_tb_insert (region.c:229)
     n1: 60880 0x212EFF: tb_gen_code (translate-all.c:544)
      n1: 60880 0x20CB4D: cpu_exec_loop.constprop.0 (cpu-exec.c:1006)
       n1: 60880 0x20CD98: cpu_exec_setjmp.isra.0 (cpu-exec.c:1058)
        n1: 60880 0x20D29B: cpu_exec (cpu-exec.c:1084)
         n1: 60880 0x15B2C7: cpu_loop (cpu_loop.c:37)
          n0: 60880 0x150703: main (main.c:1014)
  n1: 32784 0x2A5492: tcg_malloc_internal (tcg.c:847)
   n1: 32784 0x2A5657: tcg_malloc (tcg.h:780)
    n1: 32784 0x2A5657: tcg_op_alloc (tcg.c:3198)
     n1: 32784 0x2AD6CC: tcg_emit_op (tcg.c:3214)
      n1: 32784 0x2B0BEA: tcg_gen_op3 (tcg-op.c:55)
       n1: 32784 0x213857: gen_tb_start (translator.c:52)
        n1: 32784 0x213857: translator_loop (translator.c:150)
         n1: 32784 0x1DDAC1: gen_intermediate_code (translate.c:1293)
          n1: 32784 0x212872: setjmp_gen_code.constprop.0 (translate-all.c:279)
           n1: 32784 0x212CAA: tb_gen_code (translate-all.c:357)
            n1: 32784 0x20CB4D: cpu_exec_loop.constprop.0 (cpu-exec.c:1006)
             n1: 32784 0x20CD98: cpu_exec_setjmp.isra.0 (cpu-exec.c:1058)
              n1: 32784 0x20D29B: cpu_exec (cpu-exec.c:1084)
               n1: 32784 0x15B2C7: cpu_loop (cpu_loop.c:37)
                n0: 32784 0x150703: main (main.c:1014)
  n0: 21579 in 20 places, all below massif's threshold (1.00%)
  n1: 16384 0x4FFDB73: ??? (in /usr/lib/x86_64-linux-gnu/libglib-2.0.so.0.7200.4)
   n1: 16384 0x4FBDBA8: ??? (in /usr/lib/x86_64-linux-gnu/libglib-2.0.so.0.7200.4)
    n1: 16384 0x400647D: call_init.part.0 (dl-init.c:70)
     n1: 16384 0x4006567: call_init (dl-init.c:33)
      n1: 16384 0x4006567: _dl_init (dl-init.c:117)
       n1: 16384 0x40202C9: ??? (in /usr/lib/x86_64-linux-gnu/ld-linux-x86-64.so.2)
        n1: 16384 0x1: ???
         n1: 16384 0x1FFF0000D2: ???
          n0: 16384 0x1FFF0000ED: ???
  n2: 15344 0x24C8FE: object_new_with_type (object.c:747)
   n1: 15168 0x151615: cpu_create (cpu-common.c:60)
    n0: 15168 0x15037F: main (main.c:796)
   n0: 176 in 3 places, all below massif's threshold (1.00%)
 n6: 134372 0x4FFDC50: g_malloc0 (in /usr/lib/x86_64-linux-gnu/libglib-2.0.so.0.7200.4)
  n1: 65552 0x20D361: tcg_exec_realizefn (cpu-exec.c:1102)
   n1: 65552 0x1E644C: cpu_exec_realizefn (cpu-target.c:138)
    n1: 65552 0x15C86D: riscv_cpu_realize (cpu.c:1059)
     n1: 65552 0x24653A: device_set_realized (qdev.c:510)
      n1: 65552 0x24A1EB: property_set_bool (object.c:2305)
       n1: 65552 0x24D3BA: object_property_set (object.c:1435)
        n1: 65552 0x2508D2: object_property_set_qobject (qom-qobject.c:28)
         n1: 65552 0x24D9E7: object_property_set_bool (object.c:1504)
          n1: 65552 0x151647: cpu_create (cpu-common.c:61)
           n0: 65552 0x15037F: main (main.c:796)
  n0: 21340 in 20 places, all below massif's threshold (1.00%)
  n2: 19176 0x24A9F6: type_new (object.c:106)
   n0: 9776 in 4 places, all below massif's threshold (1.00%)
   n1: 9400 0x24B202: type_initialize_interface (object.c:274)
    n0: 9400 in 2 places, all below massif's threshold (1.00%)
  n2: 10000 0x24D03E: object_property_try_add (object.c:1258)
   n1: 9760 0x24D0D8: object_property_add (object.c:1279)
    n0: 9760 in 3 places, all below massif's threshold (1.00%)
   n0: 240 in 1 place, below massif's threshold (1.00%)
  n1: 9384 0x24AD98: type_initialize.part.0 (object.c:325)
   n0: 9384 in 5 places, all below massif's threshold (1.00%)
  n0: 8920 0x15060D: main (main.c:936)
 n1: 15552 0x4FFDD7F: g_realloc (in /usr/lib/x86_64-linux-gnu/libglib-2.0.so.0.7200.4)
  n0: 15552 in 8 places, all below massif's threshold (1.00%)
 n0: 15022 in 16 places, all below massif's threshold (1.00%)
#-----------
snapshot=49
#-----------
time=378069235639
mem_heap_B=837805
mem_heap_extra_B=53867
mem_stacks_B=0
heap_tree=empty
#-----------
snapshot=50
#-----------
time=378069493434
mem_heap_B=837841
mem_heap_extra_B=54087
mem_stacks_B=0
heap_tree=empty
#-----------
snapshot=51
#-----------
time=378069758073
mem_heap_B=838121
mem_heap_extra_B=54199
mem_stacks_B=0
heap_tree=empty
#-----------
snapshot=52
#-----------
time=378070033686
mem_heap_B=838561
mem_heap_extra_B=54151
mem_stacks_B=0
heap_tree=empty
#-----------
snapshot=53
#-----------
time=378070306282
mem_heap_B=838681
mem_heap_extra_B=54423
mem_stacks_B=0
heap_tree=empty
#-----------
snapshot=54
#-----------
time=378070583265
mem_heap_B=839001
mem_heap_extra_B=54551
mem_stacks_B=0
heap_tree=detailed
n5: 839001 (heap allocation functions) malloc/new/new[], --alloc-fns, etc.
 n1: 524608 0x278D34: qemu_try_memalign (memalign.c:53)
  n2: 524608 0x278E64: qemu_memalign (memalign.c:73)
   n1: 524544 0x27551A: qht_map_create (qht.c:457)
    n2: 524544 0x275D99: qht_init (qht.c:475)
     n1: 524288 0x20BF39: tcg_init_machine (tcg-all.c:116)
      n0: 524288 0x150373: main (main.c:794)
     n0: 256 in 1 place, below massif's threshold (1.00%)
   n0: 64 in 1 place, below massif's threshold (1.00%)
 n5: 149611 0x4FFD738: g_malloc (in /usr/lib/x86_64-linux-gnu/libglib-2.0.so.0.7200.4)
  n1: 63520 0x2CA2F9: q_tree_node_new (qtree.c:122)
   n1: 63520 0x2CA2F9: q_tree_insert_internal.isra.0 (qtree.c:604)
    n1: 63520 0x2A0816: tcg_tb_insert (region.c:229)
     n1: 63520 0x212EFF: tb_gen_code (translate-all.c:544)
      n1: 63520 0x20CB4D: cpu_exec_loop.constprop.0 (cpu-exec.c:1006)
       n1: 63520 0x20CD98: cpu_exec_setjmp.isra.0 (cpu-exec.c:1058)
        n1: 63520 0x20D29B: cpu_exec (cpu-exec.c:1084)
         n1: 63520 0x15B2C7: cpu_loop (cpu_loop.c:37)
          n0: 63520 0x150703: main (main.c:1014)
  n1: 32784 0x2A5492: tcg_malloc_internal (tcg.c:847)
   n1: 32784 0x2A5657: tcg_malloc (tcg.h:780)
    n1: 32784 0x2A5657: tcg_op_alloc (tcg.c:3198)
     n1: 32784 0x2AD6CC: tcg_emit_op (tcg.c:3214)
      n1: 32784 0x2B0BEA: tcg_gen_op3 (tcg-op.c:55)
       n1: 32784 0x213857: gen_tb_start (translator.c:52)
        n1: 32784 0x213857: translator_loop (translator.c:150)
         n1: 32784 0x1DDAC1: gen_intermediate_code (translate.c:1293)
          n1: 32784 0x212872: setjmp_gen_code.constprop.0 (translate-all.c:279)
           n1: 32784 0x212CAA: tb_gen_code (translate-all.c:357)
            n1: 32784 0x20CB4D: cpu_exec_loop.constprop.0 (cpu-exec.c:1006)
             n1: 32784 0x20CD98: cpu_exec_setjmp.isra.0 (cpu-exec.c:1058)
              n1: 32784 0x20D29B: cpu_exec (cpu-exec.c:1084)
               n1: 32784 0x15B2C7: cpu_loop (cpu_loop.c:37)
                n0: 32784 0x150703: main (main.c:1014)
  n0: 21579 in 20 places, all below massif's threshold (1.00%)
  n1: 16384 0x4FFDB73: ??? (in /usr/lib/x86_64-linux-gnu/libglib-2.0.so.0.7200.4)
   n1: 16384 0x4FBDBA8: ??? (in /usr/lib/x86_64-linux-gnu/libglib-2.0.so.0.7200.4)
    n1: 16384 0x400647D: call_init.part.0 (dl-init.c:70)
     n1: 16384 0x4006567: call_init (dl-init.c:33)
      n1: 16384 0x4006567: _dl_init (dl-init.c:117)
       n1: 16384 0x40202C9: ??? (in /usr/lib/x86_64-linux-gnu/ld-linux-x86-64.so.2)
        n1: 16384 0x1: ???
         n1: 16384 0x1FFF0000D2: ???
          n0: 16384 0x1FFF0000ED: ???
  n2: 15344 0x24C8FE: object_new_with_type (object.c:747)
   n1: 15168 0x151615: cpu_create (cpu-common.c:60)
    n0: 15168 0x15037F: main (main.c:796)
   n0: 176 in 3 places, all below massif's threshold (1.00%)
 n5: 134368 0x4FFDC50: g_malloc0 (in /usr/lib/x86_64-linux-gnu/libglib-2.0.so.0.7200.4)
  n1: 65552 0x20D361: tcg_exec_realizefn (cpu-exec.c:1102)
   n1: 65552 0x1E644C: cpu_exec_realizefn (cpu-target.c:138)
    n1: 65552 0x15C86D: riscv_cpu_realize (cpu.c:1059)
     n1: 65552 0x24653A: device_set_realized (qdev.c:510)
      n1: 65552 0x24A1EB: property_set_bool (object.c:2305)
       n1: 65552 0x24D3BA: object_property_set (object.c:1435)
        n1: 65552 0x2508D2: object_property_set_qobject (qom-qobject.c:28)
         n1: 65552 0x24D9E7: object_property_set_bool (object.c:1504)
          n1: 65552 0x151647: cpu_create (cpu-common.c:61)
           n0: 65552 0x15037F: main (main.c:796)
  n0: 30256 in 21 places, all below massif's threshold (1.00%)
  n2: 19176 0x24A9F6: type_new (object.c:106)
   n0: 9776 in 4 places, all below massif's threshold (1.00%)
   n1: 9400 0x24B202: type_initialize_interface (object.c:274)
    n0: 9400 in 2 places, all below massif's threshold (1.00%)
  n2: 10000 0x24D03E: object_property_try_add (object.c:1258)
   n1: 9760 0x24D0D8: object_property_add (object.c:1279)
    n0: 9760 in 3 places, all below massif's threshold (1.00%)
   n0: 240 in 1 place, below massif's threshold (1.00%)
  n1: 9384 0x24AD98: type_initialize.part.0 (object.c:325)
   n0: 9384 in 5 places, all below massif's threshold (1.00%)
 n1: 15392 0x4FFDD7F: g_realloc (in /usr/lib/x86_64-linux-gnu/libglib-2.0.so.0.7200.4)
  n0: 15392 in 8 places, all below massif's threshold (1.00%)
 n0: 15022 in 16 places, all below massif's threshold (1.00%)
#-----------
snapshot=55
#-----------
time=378070847895
mem_heap_B=839401
mem_heap_extra_B=54487
mem_stacks_B=0
heap_tree=empty
#-----------
snapshot=56
#-----------
time=378071218907
mem_heap_B=839281
mem_heap_extra_B=54647
mem_stacks_B=0
heap_tree=empty
