desc: --massif-out-file=./valgrind/stream.t1.out
cmd: ./build/rv32emu ../rv8-bench/test_bench/stream.elf
time_unit: i
#-----------
snapshot=0
#-----------
time=0
mem_heap_B=0
mem_heap_extra_B=0
mem_stacks_B=0
heap_tree=empty
#-----------
snapshot=1
#-----------
time=191742
mem_heap_B=560
mem_heap_extra_B=56
mem_stacks_B=0
heap_tree=empty
#-----------
snapshot=2
#-----------
time=240255149
mem_heap_B=528
mem_heap_extra_B=48
mem_stacks_B=0
heap_tree=empty
#-----------
snapshot=3
#-----------
time=241124202
mem_heap_B=316636
mem_heap_extra_B=33076
mem_stacks_B=0
heap_tree=empty
#-----------
snapshot=4
#-----------
time=542069341
mem_heap_B=316764
mem_heap_extra_B=33084
mem_stacks_B=0
heap_tree=empty
#-----------
snapshot=5
#-----------
time=552544517
mem_heap_B=319052
mem_heap_extra_B=33356
mem_stacks_B=0
heap_tree=empty
#-----------
snapshot=6
#-----------
time=562480532
mem_heap_B=320348
mem_heap_extra_B=33524
mem_stacks_B=0
heap_tree=empty
#-----------
snapshot=7
#-----------
time=568445654
mem_heap_B=320732
mem_heap_extra_B=33548
mem_stacks_B=0
heap_tree=empty
#-----------
snapshot=8
#-----------
time=575754123
mem_heap_B=323076
mem_heap_extra_B=33676
mem_stacks_B=0
heap_tree=detailed
n8: 323076 (heap allocation functions) malloc/new/new[], --alloc-fns, etc.
 n0: 131136 0x10D798: main (in /home/qwe661234/rv32emu/build/rv32emu)
 n0: 65536 0x10DA12: main (in /home/qwe661234/rv32emu/build/rv32emu)
 n0: 65536 0x10DA79: main (in /home/qwe661234/rv32emu/build/rv32emu)
 n0: 32792 0x10DA42: main (in /home/qwe661234/rv32emu/build/rv32emu)
 n0: 12288 0x10DA29: main (in /home/qwe661234/rv32emu/build/rv32emu)
 n0: 8192 0x10DACC: main (in /home/qwe661234/rv32emu/build/rv32emu)
 n1: 4608 0x11994E: rv_step (in /home/qwe661234/rv32emu/build/rv32emu)
  n0: 4608 0x10DB5F: main (in /home/qwe661234/rv32emu/build/rv32emu)
 n0: 2988 in 16 places, all below massif's threshold (1.00%)
#-----------
snapshot=9
#-----------
time=585580955
mem_heap_B=323756
mem_heap_extra_B=33740
mem_stacks_B=0
heap_tree=empty
#-----------
snapshot=10
#-----------
time=592116448
mem_heap_B=324220
mem_heap_extra_B=33820
mem_stacks_B=0
heap_tree=empty
#-----------
snapshot=11
#-----------
time=602159561
mem_heap_B=324876
mem_heap_extra_B=33916
mem_stacks_B=0
heap_tree=empty
#-----------
snapshot=12
#-----------
time=610660582
mem_heap_B=325972
mem_heap_extra_B=34076
mem_stacks_B=0
heap_tree=empty
#-----------
snapshot=13
#-----------
time=620724598
mem_heap_B=326948
mem_heap_extra_B=34236
mem_stacks_B=0
heap_tree=empty
#-----------
snapshot=14
#-----------
time=633086000
mem_heap_B=327436
mem_heap_extra_B=34364
mem_stacks_B=0
heap_tree=empty
#-----------
snapshot=15
#-----------
time=641239490
mem_heap_B=327708
mem_heap_extra_B=34388
mem_stacks_B=0
heap_tree=empty
#-----------
snapshot=16
#-----------
time=647177289
mem_heap_B=328156
mem_heap_extra_B=34444
mem_stacks_B=0
heap_tree=empty
#-----------
snapshot=17
#-----------
time=655039627
mem_heap_B=328708
mem_heap_extra_B=34540
mem_stacks_B=0
heap_tree=detailed
n8: 328708 (heap allocation functions) malloc/new/new[], --alloc-fns, etc.
 n0: 131136 0x10D798: main (in /home/qwe661234/rv32emu/build/rv32emu)
 n0: 65536 0x10DA12: main (in /home/qwe661234/rv32emu/build/rv32emu)
 n0: 65536 0x10DA79: main (in /home/qwe661234/rv32emu/build/rv32emu)
 n0: 32792 0x10DA42: main (in /home/qwe661234/rv32emu/build/rv32emu)
 n0: 12288 0x10DA29: main (in /home/qwe661234/rv32emu/build/rv32emu)
 n1: 8960 0x11994E: rv_step (in /home/qwe661234/rv32emu/build/rv32emu)
  n0: 8960 0x10DB5F: main (in /home/qwe661234/rv32emu/build/rv32emu)
 n0: 8192 0x10DACC: main (in /home/qwe661234/rv32emu/build/rv32emu)
 n0: 4268 in 17 places, all below massif's threshold (1.00%)
#-----------
snapshot=18
#-----------
time=660177118
mem_heap_B=328852
mem_heap_extra_B=34620
mem_stacks_B=0
heap_tree=empty
#-----------
snapshot=19
#-----------
time=810330739
mem_heap_B=328868
mem_heap_extra_B=34628
mem_stacks_B=0
heap_tree=empty
#-----------
snapshot=20
#-----------
time=810463415
mem_heap_B=328940
mem_heap_extra_B=34668
mem_stacks_B=0
heap_tree=empty
#-----------
snapshot=21
#-----------
time=960616178
mem_heap_B=328980
mem_heap_extra_B=34684
mem_stacks_B=0
heap_tree=empty
#-----------
snapshot=22
#-----------
time=1062184468
mem_heap_B=328996
mem_heap_extra_B=34692
mem_stacks_B=0
heap_tree=empty
#-----------
snapshot=23
#-----------
time=1069788499
mem_heap_B=329516
mem_heap_extra_B=34772
mem_stacks_B=0
heap_tree=empty
#-----------
snapshot=24
#-----------
time=1181024417
mem_heap_B=329548
mem_heap_extra_B=34780
mem_stacks_B=0
heap_tree=empty
#-----------
snapshot=25
#-----------
time=1190853823
mem_heap_B=329996
mem_heap_extra_B=34996
mem_stacks_B=0
heap_tree=empty
#-----------
snapshot=26
#-----------
time=1198730449
mem_heap_B=330492
mem_heap_extra_B=35172
mem_stacks_B=0
heap_tree=empty
#-----------
snapshot=27
#-----------
time=4670509599
mem_heap_B=330508
mem_heap_extra_B=35180
mem_stacks_B=0
heap_tree=empty
#-----------
snapshot=28
#-----------
time=4682262249
mem_heap_B=331020
mem_heap_extra_B=35348
mem_stacks_B=0
heap_tree=empty
#-----------
snapshot=29
#-----------
time=4872685716
mem_heap_B=331036
mem_heap_extra_B=35356
mem_stacks_B=0
heap_tree=empty
#-----------
snapshot=30
#-----------
time=4875352375
mem_heap_B=331180
mem_heap_extra_B=35436
mem_stacks_B=0
heap_tree=empty
#-----------
snapshot=31
#-----------
time=13505837603
mem_heap_B=331212
mem_heap_extra_B=35444
mem_stacks_B=0
heap_tree=empty
#-----------
snapshot=32
#-----------
time=13508496220
mem_heap_B=331364
mem_heap_extra_B=35508
mem_stacks_B=0
heap_tree=empty
#-----------
snapshot=33
#-----------
time=17958982360
mem_heap_B=331396
mem_heap_extra_B=35516
mem_stacks_B=0
heap_tree=empty
#-----------
snapshot=34
#-----------
time=17962170095
mem_heap_B=331564
mem_heap_extra_B=35604
mem_stacks_B=0
heap_tree=empty
#-----------
snapshot=35
#-----------
time=32917955188
mem_heap_B=331580
mem_heap_extra_B=35612
mem_stacks_B=0
heap_tree=empty
#-----------
snapshot=36
#-----------
time=32919418299
mem_heap_B=331612
mem_heap_extra_B=35628
mem_stacks_B=0
heap_tree=empty
#-----------
snapshot=37
#-----------
time=200928622688
mem_heap_B=331628
mem_heap_extra_B=35636
mem_stacks_B=0
heap_tree=empty
#-----------
snapshot=38
#-----------
time=200939766380
mem_heap_B=332684
mem_heap_extra_B=36100
mem_stacks_B=0
heap_tree=peak
n8: 332684 (heap allocation functions) malloc/new/new[], --alloc-fns, etc.
 n0: 131136 0x10D798: main (in /home/qwe661234/rv32emu/build/rv32emu)
 n0: 65536 0x10DA12: main (in /home/qwe661234/rv32emu/build/rv32emu)
 n0: 65536 0x10DA79: main (in /home/qwe661234/rv32emu/build/rv32emu)
 n0: 32792 0x10DA42: main (in /home/qwe661234/rv32emu/build/rv32emu)
 n0: 12288 0x10DA29: main (in /home/qwe661234/rv32emu/build/rv32emu)
 n1: 9728 0x11994E: rv_step (in /home/qwe661234/rv32emu/build/rv32emu)
  n0: 9728 0x10DB5F: main (in /home/qwe661234/rv32emu/build/rv32emu)
 n0: 8192 0x10DACC: main (in /home/qwe661234/rv32emu/build/rv32emu)
 n0: 7476 in 17 places, all below massif's threshold (1.00%)
#-----------
snapshot=39
#-----------
time=200945727024
mem_heap_B=332604
mem_heap_extra_B=36156
mem_stacks_B=0
heap_tree=empty
#-----------
snapshot=40
#-----------
time=200955039035
mem_heap_B=333476
mem_heap_extra_B=36580
mem_stacks_B=0
heap_tree=empty
#-----------
snapshot=41
#-----------
time=200963021490
mem_heap_B=333620
mem_heap_extra_B=36596
mem_stacks_B=0
heap_tree=empty
#-----------
snapshot=42
#-----------
time=200968774935
mem_heap_B=333708
mem_heap_extra_B=36588
mem_stacks_B=0
heap_tree=empty
#-----------
snapshot=43
#-----------
time=200975424849
mem_heap_B=333604
mem_heap_extra_B=36500
mem_stacks_B=0
heap_tree=empty
#-----------
snapshot=44
#-----------
time=200981146946
mem_heap_B=333572
mem_heap_extra_B=36300
mem_stacks_B=0
heap_tree=empty
#-----------
snapshot=45
#-----------
time=200989059172
mem_heap_B=333812
mem_heap_extra_B=36268
mem_stacks_B=0
heap_tree=empty
#-----------
snapshot=46
#-----------
time=200995601138
mem_heap_B=333964
mem_heap_extra_B=36324
mem_stacks_B=0
heap_tree=empty
#-----------
snapshot=47
#-----------
time=224532641048
mem_heap_B=333964
mem_heap_extra_B=36324
mem_stacks_B=0
heap_tree=empty
#-----------
snapshot=48
#-----------
time=224539188011
mem_heap_B=334028
mem_heap_extra_B=36332
mem_stacks_B=0
heap_tree=empty
#-----------
snapshot=49
#-----------
time=224551171647
mem_heap_B=334404
mem_heap_extra_B=35964
mem_stacks_B=0
heap_tree=empty
#-----------
snapshot=50
#-----------
time=224551436198
mem_heap_B=334532
mem_heap_extra_B=35972
mem_stacks_B=0
heap_tree=empty
#-----------
snapshot=51
#-----------
time=224551569111
mem_heap_B=334484
mem_heap_extra_B=35940
mem_stacks_B=0
heap_tree=empty
#-----------
snapshot=52
#-----------
time=224551833728
mem_heap_B=334452
mem_heap_extra_B=35924
mem_stacks_B=0
heap_tree=empty
#-----------
snapshot=53
#-----------
time=224552230121
mem_heap_B=334412
mem_heap_extra_B=35900
mem_stacks_B=0
heap_tree=empty
#-----------
snapshot=54
#-----------
time=224552626093
mem_heap_B=334380
mem_heap_extra_B=35884
mem_stacks_B=0
heap_tree=detailed
n8: 334380 (heap allocation functions) malloc/new/new[], --alloc-fns, etc.
 n0: 131136 0x10D798: main (in /home/qwe661234/rv32emu/build/rv32emu)
 n0: 65536 0x10DA12: main (in /home/qwe661234/rv32emu/build/rv32emu)
 n0: 65536 0x10DA79: main (in /home/qwe661234/rv32emu/build/rv32emu)
 n0: 32792 0x10DA42: main (in /home/qwe661234/rv32emu/build/rv32emu)
 n1: 12544 0x11994E: rv_step (in /home/qwe661234/rv32emu/build/rv32emu)
  n0: 12544 0x10DB5F: main (in /home/qwe661234/rv32emu/build/rv32emu)
 n0: 12288 0x10DA29: main (in /home/qwe661234/rv32emu/build/rv32emu)
 n0: 8192 0x10DACC: main (in /home/qwe661234/rv32emu/build/rv32emu)
 n0: 6356 in 17 places, all below massif's threshold (1.00%)
#-----------
snapshot=55
#-----------
time=224553021369
mem_heap_B=334364
mem_heap_extra_B=35860
mem_stacks_B=0
heap_tree=empty
#-----------
snapshot=56
#-----------
time=224553285243
mem_heap_B=334476
mem_heap_extra_B=35860
mem_stacks_B=0
heap_tree=empty
#-----------
snapshot=57
#-----------
time=224553680677
mem_heap_B=334604
mem_heap_extra_B=35868
mem_stacks_B=0
heap_tree=empty
#-----------
snapshot=58
#-----------
time=224554344546
mem_heap_B=334556
mem_heap_extra_B=35852
mem_stacks_B=0
heap_tree=empty
#-----------
snapshot=59
#-----------
time=224554873747
mem_heap_B=334540
mem_heap_extra_B=35844
mem_stacks_B=0
heap_tree=empty
#-----------
snapshot=60
#-----------
time=224555138298
mem_heap_B=334524
mem_heap_extra_B=35836
mem_stacks_B=0
heap_tree=empty
#-----------
snapshot=61
#-----------
time=224555271990
mem_heap_B=334540
mem_heap_extra_B=35844
mem_stacks_B=0
heap_tree=empty
#-----------
snapshot=62
#-----------
time=224555404892
mem_heap_B=334524
mem_heap_extra_B=35836
mem_stacks_B=0
heap_tree=empty
#-----------
snapshot=63
#-----------
time=224555669654
mem_heap_B=334508
mem_heap_extra_B=35828
mem_stacks_B=0
heap_tree=empty
#-----------
snapshot=64
#-----------
time=224556199589
mem_heap_B=334476
mem_heap_extra_B=35820
mem_stacks_B=0
heap_tree=detailed
n8: 334476 (heap allocation functions) malloc/new/new[], --alloc-fns, etc.
 n0: 131136 0x10D798: main (in /home/qwe661234/rv32emu/build/rv32emu)
 n0: 65536 0x10DA12: main (in /home/qwe661234/rv32emu/build/rv32emu)
 n0: 65536 0x10DA79: main (in /home/qwe661234/rv32emu/build/rv32emu)
 n0: 32792 0x10DA42: main (in /home/qwe661234/rv32emu/build/rv32emu)
 n1: 12800 0x11994E: rv_step (in /home/qwe661234/rv32emu/build/rv32emu)
  n0: 12800 0x10DB5F: main (in /home/qwe661234/rv32emu/build/rv32emu)
 n0: 12288 0x10DA29: main (in /home/qwe661234/rv32emu/build/rv32emu)
 n0: 8192 0x10DACC: main (in /home/qwe661234/rv32emu/build/rv32emu)
 n0: 6196 in 17 places, all below massif's threshold (1.00%)
#-----------
snapshot=65
#-----------
time=224556332941
mem_heap_B=334460
mem_heap_extra_B=35812
mem_stacks_B=0
heap_tree=empty
#-----------
snapshot=66
#-----------
time=224556465793
mem_heap_B=334444
mem_heap_extra_B=35804
mem_stacks_B=0
heap_tree=empty
#-----------
snapshot=67
#-----------
time=224556873363
mem_heap_B=334428
mem_heap_extra_B=35796
mem_stacks_B=0
heap_tree=empty
#-----------
snapshot=68
#-----------
time=224557006086
mem_heap_B=334556
mem_heap_extra_B=35804
mem_stacks_B=0
heap_tree=empty
#-----------
snapshot=69
#-----------
time=224557271423
mem_heap_B=334500
mem_heap_extra_B=35780
mem_stacks_B=0
heap_tree=empty
#-----------
snapshot=70
#-----------
time=224557404119
mem_heap_B=124956
mem_heap_extra_B=35476
mem_stacks_B=0
heap_tree=empty
#-----------
snapshot=71
#-----------
time=224557538109
mem_heap_B=17356
mem_heap_extra_B=2860
mem_stacks_B=0
heap_tree=empty
